<?xml version="1.0" encoding="UTF-8"?>
<!-- Generated by org.testng.reporters.JUnitReportReporter -->
<testsuite hostname="DESKTOP-ISADT93" failures="0" tests="3" name="com.DataDriven" time="8.050" errors="0" timestamp="2022-08-08T11:50:52 IST" skipped="0">
  <testcase classname="com.DataDriven" name="test" time="2.705"/>
  <system-out/>
  <testcase classname="com.DataDriven" name="test" time="2.675"/>
  <system-out/>
  <testcase classname="com.DataDriven" name="test" time="2.670"/>
  <system-out/>
</testsuite> <!-- com.DataDriven -->
