<?xml version="1.0" encoding="UTF-8"?>
<!-- Generated by org.testng.reporters.JUnitReportReporter -->
<testsuite hostname="DESKTOP-ISADT93" failures="0" tests="1" name="parameter.LoginTest" time="4.099" errors="0" timestamp="2022-07-22T11:17:14 IST" skipped="0">
  <testcase classname="parameter.LoginTest" name="test" time="4.099"/>
  <system-out/>
</testsuite> <!-- parameter.LoginTest -->
