<?xml version="1.0" encoding="UTF-8"?>
<!-- Generated by org.testng.reporters.JUnitReportReporter -->
<testsuite hostname="DESKTOP-ISADT93" failures="0" tests="3" name="annotation.Payment" time="0.032" errors="0" timestamp="2022-07-18T11:46:24 IST" skipped="0">
  <testcase classname="annotation.Payment" name="cod" time="0.006"/>
  <system-out/>
  <testcase classname="annotation.Payment" name="creditCart" time="0.022"/>
  <system-out/>
  <testcase classname="annotation.Payment" name="cod" time="0.004"/>
  <system-out/>
</testsuite> <!-- annotation.Payment -->
