<?xml version="1.0" encoding="UTF-8"?>
<!-- Generated by org.testng.reporters.JUnitReportReporter -->
<testsuite hostname="DESKTOP-ISADT93" failures="0" tests="4" name="parameter.LoginTest_Multiparameter" time="2.352" errors="0" timestamp="2022-07-22T11:34:34 IST" skipped="0">
  <testcase classname="parameter.LoginTest_Multiparameter" name="test" time="0.549"/>
  <system-out/>
  <testcase classname="parameter.LoginTest_Multiparameter" name="test" time="0.668"/>
  <system-out/>
  <testcase classname="parameter.LoginTest_Multiparameter" name="test" time="0.583"/>
  <system-out/>
  <testcase classname="parameter.LoginTest_Multiparameter" name="test" time="0.552"/>
  <system-out/>
</testsuite> <!-- parameter.LoginTest_Multiparameter -->
