<?xml version="1.0" encoding="UTF-8"?>
<!-- Generated by org.testng.reporters.JUnitReportReporter -->
<testsuite hostname="DESKTOP-ISADT93" failures="0" tests="2" name="annotation.Bank" time="0.009" errors="0" timestamp="2022-07-18T11:46:24 IST" skipped="0">
  <testcase classname="annotation.Bank" name="saving" time="0.001"/>
  <system-out/>
  <testcase classname="annotation.Bank" name="curent" time="0.008"/>
  <system-out/>
</testsuite> <!-- annotation.Bank -->
