<?xml version="1.0" encoding="UTF-8"?>
<!-- Generated by org.testng.reporters.JUnitReportReporter -->
<testsuite hostname="DESKTOP-ISADT93" failures="0" tests="1" name="basic.ExceptionTest" time="0.023" errors="0" timestamp="2022-07-18T11:52:36 IST" skipped="0">
  <testcase classname="basic.ExceptionTest" name="test" time="0.023"/>
  <system-out/>
</testsuite> <!-- basic.ExceptionTest -->
