<?xml version="1.0" encoding="UTF-8"?>
<!-- Generated by org.testng.reporters.JUnitReportReporter -->
<testsuite hostname="DESKTOP-ISADT93" failures="0" tests="2" name="crossbrowser.MyTest" time="7.967" errors="0" timestamp="2022-07-29T11:35:17 IST" skipped="0">
  <testcase classname="crossbrowser.MyTest" name="test" time="3.595"/>
  <system-out/>
  <testcase classname="crossbrowser.MyTest" name="test" time="4.372"/>
  <system-out/>
</testsuite> <!-- crossbrowser.MyTest -->
