<?xml version="1.0" encoding="UTF-8"?>
<!-- Generated by org.testng.reporters.JUnitReportReporter -->
<testsuite hostname="DESKTOP-ISADT93" failures="0" tests="2" name="annotation.Mytest" time="0.028" errors="0" timestamp="2022-07-18T11:46:24 IST" skipped="0">
  <testcase classname="annotation.Mytest" name="loginTest" time="0.019"/>
  <system-out/>
  <testcase classname="annotation.Mytest" name="home" time="0.009"/>
  <system-out/>
</testsuite> <!-- annotation.Mytest -->
